# JRE version: Java(TM) SE Runtime Environment (15.0.1+9) (build 15.0.1+9-18)
# Java VM: Java HotSpot(TM) 64-Bit Server VM (15.0.1+9-18, mixed mode, sharing, tiered, compressed oops, g1 gc, windows-amd64)
GC Precious Log:
 CPUs: 4 total, 4 available
 Memory: 8031M
 Large Page Support: Disabled
 NUMA Support: Disabled
 Compressed Oops: Enabled (32-bit)
 Heap Region Size: 1M
 Heap Min Capacity: 8M
 Heap Initial Capacity: 126M
 Heap Max Capacity: 2008M
 Pre-touch: Disabled
 Parallel Workers: 4
 Concurrent Workers: 1
 Concurrent Refinement Workers: 4
 Periodic GC: Disabled
Heap:
 garbage-first heap   total 92160K, used 34793K [0x0000000082800000, 0x0000000100000000)
  region size 1024K, 6 young (6144K), 4 survivors (4096K)
 Metaspace       used 29818K, capacity 30358K, committed 30460K, reserved 1077248K
  class space    used 3214K, capacity 3348K, committed 3404K, reserved 1048576K
GC Heap History (18 events):
Event: 6.271 GC heap before
{Heap before GC invocations=0 (full 0):
 garbage-first heap   total 129024K, used 12288K [0x0000000082800000, 0x0000000100000000)
  region size 1024K, 13 young (13312K), 0 survivors (0K)
 Metaspace       used 3799K, capacity 6867K, committed 7168K, reserved 1056768K
  class space    used 395K, capacity 693K, committed 768K, reserved 1048576K
}
Event: 6.279 GC heap after
{Heap after GC invocations=1 (full 0):
 garbage-first heap   total 129024K, used 3257K [0x0000000082800000, 0x0000000100000000)
  region size 1024K, 2 young (2048K), 2 survivors (2048K)
 Metaspace       used 3799K, capacity 6867K, committed 7168K, reserved 1056768K
  class space    used 395K, capacity 693K, committed 768K, reserved 1048576K
}
Event: 6.629 GC heap before
{Heap before GC invocations=1 (full 0):
 garbage-first heap   total 129024K, used 15545K [0x0000000082800000, 0x0000000100000000)
  region size 1024K, 14 young (14336K), 2 survivors (2048K)
 Metaspace       used 5289K, capacity 7798K, committed 8064K, reserved 1056768K
  class space    used 611K, capacity 854K, committed 896K, reserved 1048576K
}
Event: 6.634 GC heap after
{Heap after GC invocations=2 (full 0):
 garbage-first heap   total 129024K, used 3829K [0x0000000082800000, 0x0000000100000000)
  region size 1024K, 1 young (1024K), 1 survivors (1024K)
 Metaspace       used 5289K, capacity 7798K, committed 8064K, reserved 1056768K
  class space    used 611K, capacity 854K, committed 896K, reserved 1048576K
}
Event: 7.497 GC heap before
{Heap before GC invocations=2 (full 0):
 garbage-first heap   total 129024K, used 30453K [0x0000000082800000, 0x0000000100000000)
  region size 1024K, 27 young (27648K), 1 survivors (1024K)
 Metaspace       used 9682K, capacity 11854K, committed 12032K, reserved 1060864K
  class space    used 1153K, capacity 1412K, committed 1536K, reserved 1048576K
}
Event: 7.503 GC heap after
{Heap after GC invocations=3 (full 0):
 garbage-first heap   total 129024K, used 5332K [0x0000000082800000, 0x0000000100000000)
  region size 1024K, 3 young (3072K), 3 survivors (3072K)
 Metaspace       used 9682K, capacity 11854K, committed 12032K, reserved 1060864K
  class space    used 1153K, capacity 1412K, committed 1536K, reserved 1048576K
}
Event: 10.576 GC heap before
{Heap before GC invocations=3 (full 0):
 garbage-first heap   total 129024K, used 79060K [0x0000000082800000, 0x0000000100000000)
  region size 1024K, 75 young (76800K), 3 survivors (3072K)
 Metaspace       used 14442K, capacity 15371K, committed 15616K, reserved 1062912K
  class space    used 1592K, capacity 1767K, committed 1792K, reserved 1048576K
}
Event: 10.602 GC heap after
{Heap after GC invocations=4 (full 0):
 garbage-first heap   total 129024K, used 13878K [0x0000000082800000, 0x0000000100000000)
  region size 1024K, 10 young (10240K), 10 survivors (10240K)
 Metaspace       used 14442K, capacity 15371K, committed 15616K, reserved 1062912K
  class space    used 1592K, capacity 1767K, committed 1792K, reserved 1048576K
}
Event: 14.026 GC heap before
{Heap before GC invocations=4 (full 0):
 garbage-first heap   total 129024K, used 80438K [0x0000000082800000, 0x0000000100000000)
  region size 1024K, 75 young (76800K), 10 survivors (10240K)
 Metaspace       used 16146K, capacity 16922K, committed 17024K, reserved 1064960K
  class space    used 1700K, capacity 1882K, committed 1920K, reserved 1048576K
}
Event: 14.063 GC heap after
{Heap after GC invocations=5 (full 0):
 garbage-first heap   total 129024K, used 18556K [0x0000000082800000, 0x0000000100000000)
  region size 1024K, 5 young (5120K), 5 survivors (5120K)
 Metaspace       used 16146K, capacity 16922K, committed 17024K, reserved 1064960K
  class space    used 1700K, capacity 1882K, committed 1920K, reserved 1048576K
}
Event: 15.212 GC heap before
{Heap before GC invocations=5 (full 0):
 garbage-first heap   total 129024K, used 34940K [0x0000000082800000, 0x0000000100000000)
  region size 1024K, 18 young (18432K), 5 survivors (5120K)
 Metaspace       used 20846K, capacity 21227K, committed 21296K, reserved 1069056K
  class space    used 2302K, capacity 2421K, committed 2432K, reserved 1048576K
}
Event: 15.226 GC heap after
{Heap after GC invocations=6 (full 0):
 garbage-first heap   total 129024K, used 25724K [0x0000000082800000, 0x0000000100000000)
  region size 1024K, 8 young (8192K), 8 survivors (8192K)
 Metaspace       used 20846K, capacity 21227K, committed 21296K, reserved 1069056K
  class space    used 2302K, capacity 2421K, committed 2432K, reserved 1048576K
}
Event: 19.521 GC heap before
{Heap before GC invocations=7 (full 0):
 garbage-first heap   total 92160K, used 75900K [0x0000000082800000, 0x0000000100000000)
  region size 1024K, 54 young (55296K), 8 survivors (8192K)
 Metaspace       used 26778K, capacity 27270K, committed 27388K, reserved 1073152K
  class space    used 2917K, capacity 3048K, committed 3148K, reserved 1048576K
}
Event: 19.574 GC heap after
{Heap after GC invocations=8 (full 0):
 garbage-first heap   total 92160K, used 32892K [0x0000000082800000, 0x0000000100000000)
  region size 1024K, 7 young (7168K), 7 survivors (7168K)
 Metaspace       used 26778K, capacity 27270K, committed 27388K, reserved 1073152K
  class space    used 2917K, capacity 3048K, committed 3148K, reserved 1048576K
}
Event: 21.030 GC heap before
{Heap before GC invocations=9 (full 0):
 garbage-first heap   total 92160K, used 65660K [0x0000000082800000, 0x0000000100000000)
  region size 1024K, 40 young (40960K), 7 survivors (7168K)
 Metaspace       used 28174K, capacity 28688K, committed 29052K, reserved 1075200K
  class space    used 3041K, capacity 3154K, committed 3276K, reserved 1048576K
}
Event: 21.048 GC heap after
{Heap after GC invocations=10 (full 0):
 garbage-first heap   total 92160K, used 33404K [0x0000000082800000, 0x0000000100000000)
  region size 1024K, 3 young (3072K), 3 survivors (3072K)
 Metaspace       used 28174K, capacity 28688K, committed 29052K, reserved 1075200K
  class space    used 3041K, capacity 3154K, committed 3276K, reserved 1048576K
}
Event: 22.193 GC heap before
{Heap before GC invocations=10 (full 0):
 garbage-first heap   total 92160K, used 68220K [0x0000000082800000, 0x0000000100000000)
  region size 1024K, 37 young (37888K), 3 survivors (3072K)
 Metaspace       used 29713K, capacity 30230K, committed 30460K, reserved 1077248K
  class space    used 3204K, capacity 3348K, committed 3404K, reserved 1048576K
}
Event: 22.202 GC heap after
{Heap after GC invocations=11 (full 0):
 garbage-first heap   total 92160K, used 33769K [0x0000000082800000, 0x0000000100000000)
  region size 1024K, 4 young (4096K), 4 survivors (4096K)
 Metaspace       used 29713K, capacity 30230K, committed 30460K, reserved 1077248K
  class space    used 3204K, capacity 3348K, committed 3404K, reserved 1048576K
}

